  compilation object save succeeded; see D:\Graphics\DirectX11Training\DATA\Shader\PixelShader.cso
  compilation object save succeeded; see D:\Graphics\DirectX11Training\DATA\Shader\PS_2D.cso
  compilation object save succeeded; see D:\Graphics\DirectX11Training\DATA\Shader\PS_PostEffect.cso
  compilation object save succeeded; see D:\Graphics\DirectX11Training\DATA\Shader\PS_Primitive.cso
  compilation object save succeeded; see D:\Graphics\DirectX11Training\DATA\Shader\PS_SkyBox.cso
  compilation object save succeeded; see D:\Graphics\DirectX11Training\DATA\Shader\VertexShader.cso
  compilation object save succeeded; see D:\Graphics\DirectX11Training\DATA\Shader\VS_2D.cso
  compilation object save succeeded; see D:\Graphics\DirectX11Training\DATA\Shader\VS_PostEffect.cso
  compilation object save succeeded; see D:\Graphics\DirectX11Training\DATA\Shader\VS_Primitive.cso
D:\Graphics\DirectX11Training\Shader\VS_SkyBox.hlsl(53,2-28): warning X3206: implicit truncation of vector type
  
  compilation object save succeeded; see D:\Graphics\DirectX11Training\DATA\Shader\VS_SkyBox.cso
  WinMain.cpp
  SkyBox.cpp
  SceneMain.cpp
  BasicCamera.cpp
  MDX_View.cpp
  MDX_Utillity.cpp
  MDX_UtilDebug.cpp
  MDX_Texture.cpp
  MDX_System.cpp
  MDX_Shader.cpp
  MDX_SceneManager.cpp
  MDX_RenderTarget.cpp
  MDX_RenderManager.cpp
d:\graphics\directx11training\mdx\render\mdx_rendermanager.cpp(98): warning C4244: '引数': 'float' から 'UINT' への変換です。データが失われる可能性があります。
d:\graphics\directx11training\mdx\render\mdx_rendermanager.cpp(100): warning C4244: '引数': 'float' から 'UINT' への変換です。データが失われる可能性があります。
d:\graphics\directx11training\mdx\render\mdx_rendermanager.cpp(102): warning C4244: '引数': 'float' から 'UINT' への変換です。データが失われる可能性があります。
d:\graphics\directx11training\mdx\render\mdx_rendermanager.cpp(104): warning C4244: '引数': 'float' から 'UINT' への変換です。データが失われる可能性があります。
d:\graphics\directx11training\mdx\render\mdx_rendermanager.cpp(119): warning C4244: '引数': 'float' から 'UINT' への変換です。データが失われる可能性があります。
  MDX_Render.cpp
  MDX_BaseActor.cpp
  MDX_RenderState.cpp
  MDX_Box.cpp
  MDX_Mesh.cpp
  MDX_DXTKMesh.cpp
  MDX_BaseMesh.cpp
  コードを生成中...
  コンパイル中...
  MDX_Vector3f.cpp
  MDX_Font.cpp
  MDX_DXSystem.cpp
  MDX_Sprite.cpp
  imgui_draw.cpp
  imgui_demo.cpp
  imgui.cpp
  imgui_impl_dx11.cpp
  コードを生成中...
  DX11.vcxproj -> D:\Graphics\DirectX11Training\Debug\DX11.exe
  DX11.vcxproj -> D:\Graphics\DirectX11Training\Debug\DX11.pdb (Full PDB)
