c:\users\toru\desktop\mywork\trunk\dx11\debug\vc120.pdb
c:\users\toru\desktop\mywork\trunk\dx11\debug\vc120.idb
c:\users\toru\desktop\mywork\trunk\dx11\debug\mdx_dxsystem.obj
c:\users\toru\desktop\mywork\trunk\dx11\debug\mdx_font.obj
c:\users\toru\desktop\mywork\trunk\dx11\debug\mdx_mesh.obj
c:\users\toru\desktop\mywork\trunk\dx11\debug\mdx_box.obj
c:\users\toru\desktop\mywork\trunk\dx11\debug\mdx_baseactor.obj
c:\users\toru\desktop\mywork\trunk\dx11\debug\mdx_rendermanager.obj
c:\users\toru\desktop\mywork\trunk\dx11\debug\mdx_rendertarget.obj
c:\users\toru\desktop\mywork\trunk\dx11\debug\mdx_scenemanager.obj
c:\users\toru\desktop\mywork\trunk\dx11\debug\mdx_shader.obj
c:\users\toru\desktop\mywork\trunk\dx11\debug\mdx_system.obj
c:\users\toru\desktop\mywork\trunk\dx11\debug\mdx_texture.obj
c:\users\toru\desktop\mywork\trunk\dx11\debug\mdx_utildebug.obj
c:\users\toru\desktop\mywork\trunk\dx11\debug\mdx_utillity.obj
c:\users\toru\desktop\mywork\trunk\dx11\debug\mdx_view.obj
c:\users\toru\desktop\mywork\trunk\dx11\debug\scenemain.obj
c:\users\toru\desktop\mywork\trunk\dx11\debug\winmain.obj
c:\users\toru\desktop\mywork\trunk\dx11\debug\mdx_renderstate.obj
c:\users\toru\desktop\mywork\trunk\dx11\debug\mdx_sprite.obj
c:\users\toru\desktop\mywork\trunk\dx11\debug\render.obj
c:\users\toru\desktop\mywork\trunk\dx11\debug\mdx_render.obj
c:\users\toru\desktop\mywork\trunk\dx11\data\shader\pixelshader.cso
c:\users\toru\desktop\mywork\trunk\dx11\data\shader\ps_primitive.cso
c:\users\toru\desktop\mywork\trunk\dx11\data\shader\vertexshader.cso
c:\users\toru\desktop\mywork\trunk\dx11\data\shader\vs_primitive.cso
c:\users\toru\desktop\mywork\trunk\dx11\data\shader\ps_2d.cso
c:\users\toru\desktop\mywork\trunk\dx11\data\shader\vs_2d.cso
c:\users\toru\desktop\mywork\trunk\dx11\debug\dx11.ilk
c:\users\toru\desktop\mywork\trunk\dx11\debug\dx11.exe
c:\users\toru\desktop\mywork\trunk\dx11\debug\dx11.pdb
c:\users\toru\desktop\mywork\trunk\dx11\debug\dx11.tlog\cl.command.1.tlog
c:\users\toru\desktop\mywork\trunk\dx11\debug\dx11.tlog\cl.read.1.tlog
c:\users\toru\desktop\mywork\trunk\dx11\debug\dx11.tlog\cl.write.1.tlog
c:\users\toru\desktop\mywork\trunk\dx11\debug\dx11.tlog\dx11.write.1u.tlog
c:\users\toru\desktop\mywork\trunk\dx11\debug\dx11.tlog\fxc.command.1.tlog
c:\users\toru\desktop\mywork\trunk\dx11\debug\dx11.tlog\fxc.read.1.tlog
c:\users\toru\desktop\mywork\trunk\dx11\debug\dx11.tlog\fxc.write.1.tlog
c:\users\toru\desktop\mywork\trunk\dx11\debug\dx11.tlog\link.command.1.tlog
c:\users\toru\desktop\mywork\trunk\dx11\debug\dx11.tlog\link.read.1.tlog
c:\users\toru\desktop\mywork\trunk\dx11\debug\dx11.tlog\link.write.1.tlog
